<?xml version="1.0" encoding="UTF-8"?>
<testsuite xmlns:xsi="http://www.w3.org/2001/XMLSchema-instance" xsi:noNamespaceSchemaLocation="https://maven.apache.org/surefire/maven-surefire-plugin/xsd/surefire-test-report.xsd" version="3.0.2" name="com.travelathon.travel.TravelApplicationTests" time="9.539" tests="1" errors="0" skipped="0" failures="0">
  <properties>
[...]
</properties>
  <testcase name="contextLoads" classname="com.travelathon.travel.TravelApplicationTests" time="0.254">
    <system-out><![CDATA[22:54:57.692 [main] INFO org.springframework.test.context.support.AnnotationConfigContextLoaderUtils -- Could not detect default configuration classes for test class [com.travelathon.travel.TravelApplicationTests]: TravelApplicationTests does not declare any static, non-private, non-final, nested classes annotated with @Configuration.
22:54:57.778 [main] INFO org.springframework.boot.test.context.SpringBootTestContextBootstrapper -- Found @SpringBootConfiguration com.travelathon.travel.TravelApplication for test class com.travelathon.travel.TravelApplicationTests
2026-01-30T22:54:58.074+05:30  INFO 41066 --- [travel] [           main] c.t.travel.TravelApplicationTests        : Starting TravelApplicationTests using Java 17.0.17 with PID 41066 (started by sumit in /home/sumit/hackathon/tf-live-backend/tf-live-backend)
2026-01-30T22:54:58.075+05:30  INFO 41066 --- [travel] [           main] c.t.travel.TravelApplicationTests        : The following 1 profile is active: "dev"
2026-01-30T22:54:58.514+05:30  INFO 41066 --- [travel] [           main] .s.d.r.c.RepositoryConfigurationDelegate : Bootstrapping Spring Data JPA repositories in DEFAULT mode.
2026-01-30T22:54:58.556+05:30  INFO 41066 --- [travel] [           main] .s.d.r.c.RepositoryConfigurationDelegate : Finished Spring Data repository scanning in 35 ms. Found 4 JPA repository interfaces.
2026-01-30T22:54:58.870+05:30  INFO 41066 --- [travel] [           main] o.hibernate.jpa.internal.util.LogHelper  : HHH000204: Processing PersistenceUnitInfo [name: default]
2026-01-30T22:54:58.909+05:30  INFO 41066 --- [travel] [           main] org.hibernate.Version                    : HHH000412: Hibernate ORM core version 6.6.41.Final
2026-01-30T22:54:58.929+05:30  INFO 41066 --- [travel] [           main] o.h.c.internal.RegionFactoryInitiator    : HHH000026: Second-level cache disabled
2026-01-30T22:54:59.151+05:30  INFO 41066 --- [travel] [           main] o.s.o.j.p.SpringPersistenceUnitInfo      : No LoadTimeWeaver setup: ignoring JPA class transformer
2026-01-30T22:54:59.169+05:30  INFO 41066 --- [travel] [           main] com.zaxxer.hikari.HikariDataSource       : HikariPool-1 - Starting...
2026-01-30T22:55:01.733+05:30  INFO 41066 --- [travel] [           main] com.zaxxer.hikari.pool.HikariPool        : HikariPool-1 - Added connection org.postgresql.jdbc.PgConnection@717a8a76
2026-01-30T22:55:01.734+05:30  INFO 41066 --- [travel] [           main] com.zaxxer.hikari.HikariDataSource       : HikariPool-1 - Start completed.
2026-01-30T22:55:01.936+05:30  WARN 41066 --- [travel] [           main] org.hibernate.orm.deprecation            : HHH90000025: PostgreSQLDialect does not need to be specified explicitly using 'hibernate.dialect' (remove the property setting and it will be selected by default)
2026-01-30T22:55:02.472+05:30  INFO 41066 --- [travel] [           main] org.hibernate.orm.connections.pooling    : HHH10001005: Database info:
	Database JDBC URL [Connecting through datasource 'HikariDataSource (HikariPool-1)']
	Database driver: undefined/unknown
	Database version: 17.6
	Autocommit mode: undefined/unknown
	Isolation level: undefined/unknown
	Minimum pool size: undefined/unknown
	Maximum pool size: undefined/unknown
2026-01-30T22:55:02.989+05:30  INFO 41066 --- [travel] [           main] o.h.e.t.j.p.i.JtaPlatformInitiator       : HHH000489: No JTA platform available (set 'hibernate.transaction.jta.platform' to enable JTA platform integration)
2026-01-30T22:55:05.250+05:30  INFO 41066 --- [travel] [           main] j.LocalContainerEntityManagerFactoryBean : Initialized JPA EntityManagerFactory for persistence unit 'default'
2026-01-30T22:55:05.529+05:30  WARN 41066 --- [travel] [           main] JpaBaseConfiguration$JpaWebConfiguration : spring.jpa.open-in-view is enabled by default. Therefore, database queries may be performed during view rendering. Explicitly configure spring.jpa.open-in-view to disable this warning
2026-01-30T22:55:05.551+05:30  WARN 41066 --- [travel] [           main] .s.s.UserDetailsServiceAutoConfiguration : 

Using generated security password: a0374571-08df-405d-881f-bb300f07cd8a

This generated password is for development use only. Your security configuration must be updated before running your application in production.

2026-01-30T22:55:05.556+05:30  INFO 41066 --- [travel] [           main] r$InitializeUserDetailsManagerConfigurer : Global AuthenticationManager configured with UserDetailsService bean with name inMemoryUserDetailsManager
2026-01-30T22:55:05.893+05:30  INFO 41066 --- [travel] [           main] c.t.travel.TravelApplicationTests        : Started TravelApplicationTests in 8.019 seconds (process running for 8.577)
Hibernate: 
    select
        count(e1_0.id) 
    from
        events e1_0 
    where
        e1_0.source=?
Hibernate: 
    select
        count(e1_0.id) 
    from
        events e1_0 
    where
        e1_0.source=?
Hibernate: 
    select
        count(e1_0.id) 
    from
        events e1_0 
    where
        e1_0.source=?
Startup sync completed.
]]></system-out>
  </testcase>
</testsuite>